android/eyes/proguard_logs/usage.txt
io.github.periphery.eyes.BuildConfig
io.github.periphery.eyes.EyesContract:
    public static java.lang.String MimeType()
    public static android.net.Uri ContentUri()
    public static java.lang.String Ssp()
io.github.periphery.eyes.EyesContract$:
    9:9:public java.lang.String Ssp()
io.github.periphery.eyes.R:
    10:24:public R()
io.github.periphery.eyes.R$attr
io.github.periphery.eyes.R$drawable
io.github.periphery.eyes.R$id:
    16:16:public R$id()
io.github.periphery.eyes.R$layout:
    20:20:public R$layout()
io.github.periphery.eyes.R$string
...
scala.concurrent.Future$$anonfun$flatMap$1
scala.concurrent.Future$$anonfun$flatMap$1$$anonfun$apply$3
scala.concurrent.Future$$anonfun$fold$1
scala.concurrent.Future$$anonfun$foreach$1
scala.concurrent.Future$$anonfun$map$1
scala.concurrent.Future$$anonfun$mapTo$1
scala.concurrent.Future$$anonfun$onFailure$1
scala.concurrent.Future$$anonfun$onSuccess$1
scala.concurrent.Future$$anonfun$recover$1
scala.concurrent.Future$$anonfun$recoverWith$1
scala.concurrent.Future$$anonfun$reduce$1
scala.concurrent.Future$$anonfun$sequence$1
scala.concurrent.Future$$anonfun$sequence$1$$anonfun$apply$4
scala.concurrent.Future$$anonfun$sequence$1$$anonfun$apply$4$$anonfun$apply$5
scala.concurrent.Future$$anonfun$sequence$2
scala.concurrent.Future$$anonfun$transform$1
scala.concurrent.Future$$anonfun$traverse$1
scala.concurrent.Future$$anonfun$traverse$1$$anonfun$apply$6
scala.concurrent.Future$$anonfun$traverse$1$$anonfun$apply$6$$anonfun$apply$7
scala.concurrent.Future$$anonfun$traverse$2
scala.concurrent.Future$$anonfun$zip$1
scala.concurrent.Future$$anonfun$zip$1$$anonfun$apply$1
scala.concurrent.Future$$anonfun$zip$1$$anonfun$apply$2
scala.concurrent.Future$InternalCallbackExecutor$
scala.concurrent.Future$InternalCallbackExecutor$Batch
scala.concurrent.Future$InternalCallbackExecutor$Batch$$anonfun$run$1
scala.concurrent.Future$class
scala.concurrent.FutureTaskRunner
scala.concurrent.JavaConversions
scala.concurrent.JavaConversions$
scala.concurrent.JavaConversions$$anon$1
scala.concurrent.JavaConversions$$anon$2
scala.concurrent.JavaConversions$$anon$2$$anon$3
scala.concurrent.Lock
scala.concurrent.ManagedBlocker
scala.concurrent.OnCompleteRunnable
scala.concurrent.Promise
scala.concurrent.Promise$
scala.concurrent.Promise$$anonfun$completeWith$1
scala.concurrent.Promise$$anonfun$tryCompleteWith$1
scala.concurrent.Promise$class
scala.concurrent.SyncChannel
scala.concurrent.SyncVar
scala.concurrent.TaskRunner
scala.concurrent.TaskRunners
scala.concurrent.TaskRunners$
scala.concurrent.ThreadPoolRunner
scala.concurrent.ThreadPoolRunner$$anonfun$futureAsFunction$1
scala.concurrent.ThreadPoolRunner$RunCallable
scala.concurrent.ThreadPoolRunner$class
scala.concurrent.ThreadRunner
scala.concurrent.ThreadRunner$$anon$1
scala.concurrent.ThreadRunner$$anon$2
scala.concurrent.ThreadRunner$$anonfun$submit$1
scala.concurrent.ThreadRunner$$anonfun$submit$1$$anonfun$apply$1
scala.concurrent.ThreadRunner$$anonfun$submit$1$$anonfun$apply$2
scala.concurrent.duration.Deadline
scala.concurrent.duration.Deadline$
scala.concurrent.duration.Deadline$DeadlineIsOrdered$
scala.concurrent.duration.Duration
scala.concurrent.duration.Duration$
scala.concurrent.duration.Duration$$anon$1
scala.concurrent.duration.Duration$$anon$2
scala.concurrent.duration.Duration$$anon$3
scala.concurrent.duration.Duration$$anonfun$1
scala.concurrent.duration.Duration$$anonfun$2
scala.concurrent.duration.Duration$$anonfun$3
scala.concurrent.duration.Duration$$anonfun$4
scala.concurrent.duration.Duration$$anonfun$4$$anonfun$apply$1
scala.concurrent.duration.Duration$$anonfun$scala$concurrent$duration$Duration$$expandLabels$1
scala.concurrent.duration.Duration$DurationIsOrdered$
scala.concurrent.duration.Duration$Infinite
scala.concurrent.duration.DurationConversions
scala.concurrent.duration.DurationConversions$
scala.concurrent.duration.DurationConversions$Classifier
scala.concurrent.duration.DurationConversions$class
scala.concurrent.duration.DurationConversions$fromNowConvert$
scala.concurrent.duration.DurationConversions$spanConvert$
scala.concurrent.duration.FiniteDuration
scala.concurrent.duration.FiniteDuration$
scala.concurrent.duration.FiniteDuration$FiniteDurationIsOrdered$
scala.concurrent.duration.package
scala.concurrent.duration.package$
scala.concurrent.duration.package$DoubleMult
scala.concurrent.duration.package$DoubleMult$
scala.concurrent.duration.package$DurationDouble
scala.concurrent.duration.package$DurationDouble$
scala.concurrent.duration.package$DurationInt